<?xml version="1.0" encoding="UTF-8"?>
<testng-results ignored="0" total="1" passed="1" failed="0" skipped="0">
  <reporter-output>
  </reporter-output>
  <suite started-at="2023-05-16T14:48:20 IST" name="Default suite" finished-at="2023-05-16T14:48:22 IST" duration-ms="1917">
    <groups>
    </groups>
    <test started-at="2023-05-16T14:48:20 IST" name="Default test" finished-at="2023-05-16T14:48:22 IST" duration-ms="1917">
      <class name="collection.put">
        <test-method signature="tc4()[pri:0, instance:collection.put@537f60bf]" started-at="2023-05-16T14:48:20 IST" name="tc4" finished-at="2023-05-16T14:48:22 IST" duration-ms="1861" status="PASS">
          <reporter-output>
          </reporter-output>
        </test-method> <!-- tc4 -->
      </class> <!-- collection.put -->
    </test> <!-- Default test -->
  </suite> <!-- Default suite -->
</testng-results>
